[debug] [2021-11-01T07:39:16.948Z] ----------------------------------------------------------------------
[debug] [2021-11-01T07:39:16.950Z] Command:       C:\Program Files\nodejs\node.exe C:\Users\pitra\AppData\Roaming\npm\node_modules\firebase-tools\lib\bin\firebase.js emulators:start --import=dekadedata
[debug] [2021-11-01T07:39:16.950Z] CLI Version:   9.21.0
[debug] [2021-11-01T07:39:16.950Z] Platform:      win32
[debug] [2021-11-01T07:39:16.950Z] Node Version:  v14.17.4
[debug] [2021-11-01T07:39:16.951Z] Time:          Mon Nov 01 2021 14:39:16 GMT+0700 (Western Indonesia Time)
[debug] [2021-11-01T07:39:16.951Z] ----------------------------------------------------------------------
[debug] 
[debug] [2021-11-01T07:39:16.999Z] Object ".emulators.storage" in "firebase.json" has unknown property: {"additionalProperty":"rules"}
[debug] [2021-11-01T07:39:17.003Z] > command requires scopes: ["email","openid","https://www.googleapis.com/auth/cloudplatformprojects.readonly","https://www.googleapis.com/auth/firebase","https://www.googleapis.com/auth/cloud-platform"]
[debug] [2021-11-01T07:39:17.003Z] > authorizing via signed-in user (pitra.adhi@gmail.com)
[info] i  emulators: Starting emulators: auth, firestore, storage {"metadata":{"emulator":{"name":"hub"},"message":"Starting emulators: auth, firestore, storage"}}
[debug] [2021-11-01T07:39:17.033Z] [hub] writing locator at C:\Users\pitra\AppData\Local\Temp\hub-dekade-training.json
[info] i  firestore: Importing data from C:\Users\pitra\Documents\javascript\dekade\dekadedata\firestore_export\firestore_export.overall_export_metadata {"metadata":{"emulator":{"name":"firestore"},"message":"Importing data from C:\\Users\\pitra\\Documents\\javascript\\dekade\\dekadedata\\firestore_export\\firestore_export.overall_export_metadata"}}
[debug] [2021-11-01T07:39:17.072Z] Ignoring unsupported arg: projectId {"metadata":{"emulator":{"name":"firestore"},"message":"Ignoring unsupported arg: projectId"}}
[debug] [2021-11-01T07:39:17.072Z] Ignoring unsupported arg: auto_download {"metadata":{"emulator":{"name":"firestore"},"message":"Ignoring unsupported arg: auto_download"}}
[debug] [2021-11-01T07:39:17.072Z] Starting Firestore Emulator with command {"binary":"java","args":["-Dgoogle.cloud_firestore.debug_log_level=FINE","-Duser.language=en","-jar","C:\\Users\\pitra\\.cache\\firebase\\emulators\\cloud-firestore-emulator-v1.13.1.jar","--host","localhost","--port",8080,"--seed_from_export","C:\\Users\\pitra\\Documents\\javascript\\dekade\\dekadedata\\firestore_export\\firestore_export.overall_export_metadata","--rules","C:\\Users\\pitra\\Documents\\javascript\\dekade\\firestore.rules"],"optionalArgs":["port","webchannel_port","host","rules","functions_emulator","seed_from_export"],"joinArgs":false} {"metadata":{"emulator":{"name":"firestore"},"message":"Starting Firestore Emulator with command {\"binary\":\"java\",\"args\":[\"-Dgoogle.cloud_firestore.debug_log_level=FINE\",\"-Duser.language=en\",\"-jar\",\"C:\\\\Users\\\\pitra\\\\.cache\\\\firebase\\\\emulators\\\\cloud-firestore-emulator-v1.13.1.jar\",\"--host\",\"localhost\",\"--port\",8080,\"--seed_from_export\",\"C:\\\\Users\\\\pitra\\\\Documents\\\\javascript\\\\dekade\\\\dekadedata\\\\firestore_export\\\\firestore_export.overall_export_metadata\",\"--rules\",\"C:\\\\Users\\\\pitra\\\\Documents\\\\javascript\\\\dekade\\\\firestore.rules\"],\"optionalArgs\":[\"port\",\"webchannel_port\",\"host\",\"rules\",\"functions_emulator\",\"seed_from_export\"],\"joinArgs\":false}"}}
[info] i  firestore: Firestore Emulator logging to firestore-debug.log {"metadata":{"emulator":{"name":"firestore"},"message":"Firestore Emulator logging to \u001b[1mfirestore-debug.log\u001b[22m"}}
[info] i  auth: Importing config from C:\Users\pitra\Documents\javascript\dekade\dekadedata\auth_export\config.json {"metadata":{"emulator":{"name":"database"},"message":"Importing config from C:\\Users\\pitra\\Documents\\javascript\\dekade\\dekadedata\\auth_export\\config.json"}}
[info] i  auth: Importing accounts from C:\Users\pitra\Documents\javascript\dekade\dekadedata\auth_export\accounts.json {"metadata":{"emulator":{"name":"database"},"message":"Importing accounts from C:\\Users\\pitra\\Documents\\javascript\\dekade\\dekadedata\\auth_export\\accounts.json"}}
[debug] [2021-11-01T07:39:23.321Z] Ignoring unsupported arg: port {"metadata":{"emulator":{"name":"storage"},"message":"Ignoring unsupported arg: port"}}
[debug] [2021-11-01T07:39:23.711Z] Temp file directory for storage emulator: C:\Users\pitra\AppData\Local\Temp/firebase/storage/blobs {"metadata":{"emulator":{"name":"storage"},"message":"Temp file directory for storage emulator: C:\\Users\\pitra\\AppData\\Local\\Temp/firebase/storage/blobs"}}
[debug] [2021-11-01T07:39:25.216Z] Ignoring unsupported arg: auto_download {"metadata":{"emulator":{"name":"ui"},"message":"Ignoring unsupported arg: auto_download"}}
[debug] [2021-11-01T07:39:25.217Z] Ignoring unsupported arg: port {"metadata":{"emulator":{"name":"ui"},"message":"Ignoring unsupported arg: port"}}
[debug] [2021-11-01T07:39:25.217Z] Starting Emulator UI with command {"binary":"node","args":["C:\\Users\\pitra\\.cache\\firebase\\emulators\\ui-v1.6.4\\server.bundle.js"],"optionalArgs":[],"joinArgs":false} {"metadata":{"emulator":{"name":"ui"},"message":"Starting Emulator UI with command {\"binary\":\"node\",\"args\":[\"C:\\\\Users\\\\pitra\\\\.cache\\\\firebase\\\\emulators\\\\ui-v1.6.4\\\\server.bundle.js\"],\"optionalArgs\":[],\"joinArgs\":false}"}}
[info] i  ui: Emulator UI logging to ui-debug.log {"metadata":{"emulator":{"name":"ui"},"message":"Emulator UI logging to \u001b[1mui-debug.log\u001b[22m"}}
[debug] [2021-11-01T07:39:25.371Z] Web / API server started at localhost:4000
 {"metadata":{"emulator":{"name":"ui"},"message":"Web / API server started at localhost:4000\n"}}
[info] 
┌─────────────────────────────────────────────────────────────┐
│ ✔  All emulators ready! It is now safe to connect your app. │
│ i  View Emulator UI at http://localhost:4000                │
└─────────────────────────────────────────────────────────────┘

┌────────────────┬────────────────┬─────────────────────────────────┐
│ Emulator       │ Host:Port      │ View in Emulator UI             │
├────────────────┼────────────────┼─────────────────────────────────┤
│ Authentication │ localhost:9099 │ http://localhost:4000/auth      │
├────────────────┼────────────────┼─────────────────────────────────┤
│ Firestore      │ localhost:8080 │ http://localhost:4000/firestore │
├────────────────┼────────────────┼─────────────────────────────────┤
│ Storage        │ localhost:9199 │ http://localhost:4000/storage   │
└────────────────┴────────────────┴─────────────────────────────────┘
  Emulator Hub running at localhost:4400
  Other reserved ports: 4500

Issues? Report them at https://github.com/firebase/firebase-tools/issues and attach the *-debug.log files.
 
